<?xml version="1.0" encoding="UTF-8"?>
<!-- Generated by org.testng.reporters.JUnitXMLReporter -->
<testsuite ignored="0" hostname="LAPTOP-KT7UCOLS" failures="0" tests="5" name="RegressionTest" time="84.433" errors="0" timestamp="2021-08-24T12:57:18 IST">
  <testcase classname="com.vtiger.createnewleadTest.CreatingNewLead_tc_13java" name="CreatingNewLeadInvalidTest" time="8.795"/>
  <testcase classname="com.vtiger.createnewleadTest.CreatingNewLead_tc_13java" name="CreatingNewLeadTest" time="12.081"/>
  <testcase classname="com.vtiger.createnewleadTest.CreatingNewLead_tc_13java" name="InValidemailTest" time="11.842"/>
  <testcase classname="com.vtiger.createnewleadTest.CreatingNewLead_tc_13java" name="InValidemailTest1" time="11.817"/>
  <testcase classname="com.vtiger.createnewleadTest.CreatingNewLead_tc_13java" name="InValidemailnameTest" time="8.019"/>
</testsuite> <!-- RegressionTest -->
