<?xml version="1.0" encoding="UTF-8"?>
<!-- Generated by org.testng.reporters.JUnitXMLReporter -->
<testsuite ignored="2" hostname="LAPTOP-KT7UCOLS" failures="0" tests="5" name="Test" time="91.128" errors="0" timestamp="2021-08-26T12:47:20 IST">
  <testcase classname="com.vtiger.createnewleadTest.CreatingNewLead_tc_16java" name="InValidemailnameTest" time="9.383"/>
  <testcase classname="com.vtiger.createnewleadTest.CreatingNewLead_tc_13java" name="CreatingNewLeadInvalidTest" time="8.921"/>
  <testcase classname="com.vtiger.createnewleadTest.CreatingNewLead_tc_13java" name="CreatingNewLeadTest" time="13.129"/>
  <testcase classname="com.vtiger.createnewleadTest.CreatingNewLead_tc_13java" name="InValidemailTest" time="12.76"/>
  <testcase classname="com.vtiger.createnewleadTest.CreatingNewLead_tc_13java" name="InValidemailTest1" time="12.892"/>
  <testcase classname="com.vtiger.genericLib.BaseClass" name="@BeforeSuite ConnectDatabase" time="0.0">
    <ignored/>
  </testcase> <!-- @BeforeSuite ConnectDatabase -->
  <testcase classname="com.vtiger.genericLib.BaseClass" name="@AfterSuite ClosingConnection" time="0.0">
    <ignored/>
  </testcase> <!-- @AfterSuite ClosingConnection -->
</testsuite> <!-- Test -->
