<?xml version="1.0" encoding="UTF-8"?>
<!-- Generated by org.testng.reporters.JUnitXMLReporter -->
<testsuite ignored="2" hostname="LAPTOP-KT7UCOLS" failures="0" tests="5" name="Test Runner-opera" time="94.774" errors="0" timestamp="2021-08-25T10:28:21 IST">
  <testcase classname="com.vtiger.createnewleadTest.CreatingNewLead_tc_16java" name="InValidemailnameTest" time="10.014"/>
  <testcase classname="com.vtiger.createnewleadTest.CreatingNewLead_tc_13java" name="CreatingNewLeadInvalidTest" time="8.679"/>
  <testcase classname="com.vtiger.createnewleadTest.CreatingNewLead_tc_13java" name="CreatingNewLeadTest" time="13.263"/>
  <testcase classname="com.vtiger.createnewleadTest.CreatingNewLead_tc_13java" name="InValidemailTest" time="13.296"/>
  <testcase classname="com.vtiger.createnewleadTest.CreatingNewLead_tc_13java" name="InValidemailTest1" time="13.03"/>
  <testcase classname="com.vtiger.genericLib.BaseClass" name="@BeforeSuite ConnectDatabase" time="0.0">
    <ignored/>
  </testcase> <!-- @BeforeSuite ConnectDatabase -->
  <testcase classname="com.vtiger.genericLib.BaseClass" name="@AfterSuite ClosingConnection" time="0.0">
    <ignored/>
  </testcase> <!-- @AfterSuite ClosingConnection -->
</testsuite> <!-- Test Runner-opera -->
